<?xml version="1.0" encoding="UTF-8"?>
<!-- Generated by org.testng.reporters.JUnitReportReporter -->
<testsuite skipped="0" hostname="VDDKSTABOG15-26" name="com.SAMFormulariosWeb.ABN.test.AdmFranquicias_Test" tests="1" failures="0" timestamp="23 abr 2021 14:45:07 GMT" time="13.141" errors="0">
  <testcase name="consultarFranquiciaInactiva" time="13.141" classname="com.SAMFormulariosWeb.ABN.test.AdmFranquicias_Test"/>
</testsuite> <!-- com.SAMFormulariosWeb.ABN.test.AdmFranquicias_Test -->
