<?xml version="1.0" encoding="UTF-8"?>
<!-- Generated by org.testng.reporters.JUnitReportReporter -->
<testsuite skipped="0" hostname="VDDKSTABOG15-62" name="com.SAMFormulariosWeb.PRO.test.AdmReferencias_Test" tests="1" failures="0" timestamp="16 abr 2021 21:47:24 GMT" time="11.367" errors="0">
  <testcase name="validarPaginador" time="11.367" classname="com.SAMFormulariosWeb.PRO.test.AdmReferencias_Test"/>
</testsuite> <!-- com.SAMFormulariosWeb.PRO.test.AdmReferencias_Test -->
