<?xml version="1.0" encoding="UTF-8"?>
<!-- Generated by org.testng.reporters.JUnitReportReporter -->
<testsuite skipped="0" hostname="VDDKSTABOG15-26" name="com.SAMFormulariosWeb.LPV.test.AdmConsultaLista_Test" tests="2" failures="0" timestamp="26 abr 2021 22:19:30 GMT" time="25.484" errors="0">
  <testcase name="consultaPersonaInexistente" time="12.471" classname="com.SAMFormulariosWeb.LPV.test.AdmConsultaLista_Test"/>
  <testcase name="consultaPersona" time="13.013" classname="com.SAMFormulariosWeb.LPV.test.AdmConsultaLista_Test"/>
</testsuite> <!-- com.SAMFormulariosWeb.LPV.test.AdmConsultaLista_Test -->
