<?xml version="1.0" encoding="UTF-8"?>
<!-- Generated by org.testng.reporters.JUnitReportReporter -->
<testsuite skipped="0" hostname="VDDKSTABOG15-26" name="com.SAMFormulariosWeb.ABN.test.AdmRefLocales_Test" tests="8" failures="0" timestamp="29 abr 2021 15:46:00 GMT" time="131.822" errors="0">
  <testcase name="agregarReferencia" time="24.464" classname="com.SAMFormulariosWeb.ABN.test.AdmRefLocales_Test"/>
  <testcase name="consultaReferenciasPorDominio" time="15.480" classname="com.SAMFormulariosWeb.ABN.test.AdmRefLocales_Test"/>
  <testcase name="consultaReferenciasPorRango" time="17.139" classname="com.SAMFormulariosWeb.ABN.test.AdmRefLocales_Test"/>
  <testcase name="consultaReferenciasPorDescripcion" time="12.393" classname="com.SAMFormulariosWeb.ABN.test.AdmRefLocales_Test"/>
  <testcase name="consultaReferenciasPorValor" time="12.320" classname="com.SAMFormulariosWeb.ABN.test.AdmRefLocales_Test"/>
  <testcase name="modificarReferencia" time="17.837" classname="com.SAMFormulariosWeb.ABN.test.AdmRefLocales_Test"/>
  <testcase name="eliminarReferencia" time="19.349" classname="com.SAMFormulariosWeb.ABN.test.AdmRefLocales_Test"/>
  <testcase name="consultarReferenciaInactiva" time="12.840" classname="com.SAMFormulariosWeb.ABN.test.AdmRefLocales_Test"/>
</testsuite> <!-- com.SAMFormulariosWeb.ABN.test.AdmRefLocales_Test -->
