<?xml version="1.0" encoding="UTF-8"?>
<!-- Generated by org.testng.reporters.JUnitReportReporter -->
<testsuite skipped="0" hostname="VDDKSTABOG15-62" name="com.SAMFormularios.EXA.test.AdmAgrupaciones_Test" tests="1" failures="0" timestamp="14 abr 2021 19:32:23 GMT" time="12.472" errors="0">
  <testcase name="agregarAgrupacion" time="12.472" classname="com.SAMFormularios.EXA.test.AdmAgrupaciones_Test"/>
</testsuite> <!-- com.SAMFormularios.EXA.test.AdmAgrupaciones_Test -->
