<?xml version="1.0" encoding="UTF-8"?>
<!-- Generated by org.testng.reporters.JUnitReportReporter -->
<testsuite skipped="0" hostname="VDDKSTABOG15-26" name="com.SAMFormulariosWeb.ADE.test.AdmServEtiquetas_Test" tests="1" failures="0" timestamp="29 abr 2021 14:26:18 GMT" time="26.067" errors="0">
  <testcase name="eliminarServicio" time="26.067" classname="com.SAMFormulariosWeb.ADE.test.AdmServEtiquetas_Test"/>
</testsuite> <!-- com.SAMFormulariosWeb.ADE.test.AdmServEtiquetas_Test -->
