<?xml version="1.0" encoding="UTF-8"?>
<!-- Generated by org.testng.reporters.JUnitReportReporter -->
<testsuite skipped="0" hostname="VDDKSTABOG15-26" name="com.SAMFormulariosWeb.ABN.test.AdmTarjetas_Test" tests="4" failures="0" timestamp="23 abr 2021 12:17:14 GMT" time="106.683" errors="0">
  <testcase name="agregarTarjeta" time="25.179" classname="com.SAMFormulariosWeb.ABN.test.AdmTarjetas_Test"/>
  <testcase name="consultarTarjeta" time="23.413" classname="com.SAMFormulariosWeb.ABN.test.AdmTarjetas_Test"/>
  <testcase name="modificarTarjeta" time="35.622" classname="com.SAMFormulariosWeb.ABN.test.AdmTarjetas_Test"/>
  <testcase name="eliminarTarjeta" time="22.469" classname="com.SAMFormulariosWeb.ABN.test.AdmTarjetas_Test"/>
</testsuite> <!-- com.SAMFormulariosWeb.ABN.test.AdmTarjetas_Test -->
