<?xml version="1.0" encoding="UTF-8"?>
<!-- Generated by org.testng.reporters.JUnitReportReporter -->
<testsuite skipped="0" hostname="VDDKSTABOG15-26" name="com.SAMFormulariosWeb.LPV.test.LPV_AdmRefLocales_Test" tests="1" failures="0" timestamp="26 abr 2021 22:53:48 GMT" time="13.139" errors="0">
  <testcase name="validarCamposObligatorios" time="13.139" classname="com.SAMFormulariosWeb.LPV.test.LPV_AdmRefLocales_Test"/>
</testsuite> <!-- com.SAMFormulariosWeb.LPV.test.LPV_AdmRefLocales_Test -->
