<?xml version="1.0" encoding="UTF-8"?>
<!-- Generated by org.testng.reporters.JUnitReportReporter -->
<testsuite skipped="0" hostname="VDDKSTABOG15-26" name="com.SAMFormulariosWeb.ALR.test.AudListasRiesgo_Test" tests="2" failures="0" timestamp="01 may 2021 22:30:09 GMT" time="28.582" errors="0">
  <testcase name="consultaListaRiesgoPorNombre" time="13.266" classname="com.SAMFormulariosWeb.ALR.test.AudListasRiesgo_Test"/>
  <testcase name="verDetalleAuditoria" time="15.316" classname="com.SAMFormulariosWeb.ALR.test.AudListasRiesgo_Test"/>
</testsuite> <!-- com.SAMFormulariosWeb.ALR.test.AudListasRiesgo_Test -->
