<?xml version="1.0" encoding="UTF-8"?>
<!-- Generated by org.testng.reporters.JUnitReportReporter -->
<testsuite skipped="0" hostname="VDDKSTABOG15-26" name="com.SAMFormulariosWeb.ABN.test.AdmBines_Test" tests="1" failures="0" timestamp="23 abr 2021 14:11:04 GMT" time="16.249" errors="0">
  <testcase name="consultarBinInactivo" time="16.249" classname="com.SAMFormulariosWeb.ABN.test.AdmBines_Test"/>
</testsuite> <!-- com.SAMFormulariosWeb.ABN.test.AdmBines_Test -->
