<?xml version="1.0" encoding="UTF-8"?>
<!-- Generated by org.testng.reporters.JUnitReportReporter -->
<testsuite skipped="0" hostname="VDDKSTABOG15-26" name="com.SAMFormulariosWeb.ALR.test.AdmListaRiesgo_Test" tests="1" failures="0" timestamp="30 abr 2021 00:13:34 GMT" time="22.013" errors="0">
  <testcase name="modificarPersona" time="22.013" classname="com.SAMFormulariosWeb.ALR.test.AdmListaRiesgo_Test"/>
</testsuite> <!-- com.SAMFormulariosWeb.ALR.test.AdmListaRiesgo_Test -->
