<?xml version="1.0" encoding="UTF-8"?>
<!-- Generated by org.testng.reporters.JUnitReportReporter -->
<testsuite skipped="0" hostname="VDDKSTABOG15-26" name="com.SAMFormulariosWeb.AAI.test.AdmAdhesivosDist_Test" tests="10" failures="0" timestamp="29 abr 2021 14:18:29 GMT" time="124.715" errors="0">
  <testcase name="actualizarRegistroAdhesivo" time="15.823" classname="com.SAMFormulariosWeb.AAI.test.AdmAdhesivosDist_Test"/>
  <testcase name="consultaAdhesivoPorNumFormulario" time="11.969" classname="com.SAMFormulariosWeb.AAI.test.AdmAdhesivosDist_Test"/>
  <testcase name="consultaAdhesivoPorCodOficina" time="11.785" classname="com.SAMFormulariosWeb.AAI.test.AdmAdhesivosDist_Test"/>
  <testcase name="consultaAdhesivoPorNumAdhesivo" time="11.021" classname="com.SAMFormulariosWeb.AAI.test.AdmAdhesivosDist_Test"/>
  <testcase name="consultaAdhesivoPorAdhesivo" time="10.882" classname="com.SAMFormulariosWeb.AAI.test.AdmAdhesivosDist_Test"/>
  <testcase name="consultaAdhesivoPorFechaRecaudo" time="12.104" classname="com.SAMFormulariosWeb.AAI.test.AdmAdhesivosDist_Test"/>
  <testcase name="consultaAdhesivoPorValorPago" time="11.395" classname="com.SAMFormulariosWeb.AAI.test.AdmAdhesivosDist_Test"/>
  <testcase name="consultaAdhesivoPorCodigoCajero" time="11.122" classname="com.SAMFormulariosWeb.AAI.test.AdmAdhesivosDist_Test"/>
  <testcase name="consultaAdhesivoPorEstado" time="11.522" classname="com.SAMFormulariosWeb.AAI.test.AdmAdhesivosDist_Test"/>
  <testcase name="anularAdhesivo" time="17.092" classname="com.SAMFormulariosWeb.AAI.test.AdmAdhesivosDist_Test"/>
</testsuite> <!-- com.SAMFormulariosWeb.AAI.test.AdmAdhesivosDist_Test -->
