<?xml version="1.0" encoding="UTF-8"?>
<!-- Generated by org.testng.reporters.JUnitReportReporter -->
<testsuite skipped="0" hostname="VDDKSTABOG15-26" name="com.SAMFormulariosWeb.ADE.test.AdmRefLocales_Test" tests="7" failures="0" timestamp="26 abr 2021 23:16:58 GMT" time="104.837" errors="0">
  <testcase name="agregarReferencia" time="15.839" classname="com.SAMFormulariosWeb.ADE.test.AdmRefLocales_Test"/>
  <testcase name="consultaReferenciasPorDominio" time="13.319" classname="com.SAMFormulariosWeb.ADE.test.AdmRefLocales_Test"/>
  <testcase name="consultaReferenciasPorRango" time="12.057" classname="com.SAMFormulariosWeb.ADE.test.AdmRefLocales_Test"/>
  <testcase name="consultaReferenciasPorDescripcion" time="12.631" classname="com.SAMFormulariosWeb.ADE.test.AdmRefLocales_Test"/>
  <testcase name="consultaReferenciasPorValor" time="12.212" classname="com.SAMFormulariosWeb.ADE.test.AdmRefLocales_Test"/>
  <testcase name="modificarReferencia" time="20.053" classname="com.SAMFormulariosWeb.ADE.test.AdmRefLocales_Test"/>
  <testcase name="eliminarReferencia" time="18.726" classname="com.SAMFormulariosWeb.ADE.test.AdmRefLocales_Test"/>
</testsuite> <!-- com.SAMFormulariosWeb.ADE.test.AdmRefLocales_Test -->
