<?xml version="1.0" encoding="UTF-8"?>
<!-- Generated by org.testng.reporters.JUnitReportReporter -->
<testsuite skipped="0" hostname="VDDKSTABOG15-26" name="com.SAMFormulariosWeb.AAI.test.AdmRefLocales_Test" tests="1" failures="0" timestamp="21 abr 2021 20:26:13 GMT" time="20.187" errors="0">
  <testcase name="agregarReferencia" time="20.187" classname="com.SAMFormulariosWeb.AAI.test.AdmRefLocales_Test"/>
</testsuite> <!-- com.SAMFormulariosWeb.AAI.test.AdmRefLocales_Test -->
