<?xml version="1.0" encoding="UTF-8"?>
<!-- Generated by org.testng.reporters.JUnitReportReporter -->
<testsuite skipped="0" hostname="VDDKSTABOG15-26" name="com.SAMFormulariosWeb.AAI.test.AdmConsecutivosOfc_Test" tests="7" failures="0" timestamp="22 abr 2021 09:30:31 GMT" time="92.021" errors="0">
  <testcase name="agregarConsecutivo" time="12.954" classname="com.SAMFormulariosWeb.AAI.test.AdmConsecutivosOfc_Test"/>
  <testcase name="agregarConsecutivoExistente" time="11.342" classname="com.SAMFormulariosWeb.AAI.test.AdmConsecutivosOfc_Test"/>
  <testcase name="consultaConsecutivoPorOficina" time="11.549" classname="com.SAMFormulariosWeb.AAI.test.AdmConsecutivosOfc_Test"/>
  <testcase name="consultaConsecutivoPorVrActual" time="10.968" classname="com.SAMFormulariosWeb.AAI.test.AdmConsecutivosOfc_Test"/>
  <testcase name="consultaConsecutivoPorPrxValor" time="11.718" classname="com.SAMFormulariosWeb.AAI.test.AdmConsecutivosOfc_Test"/>
  <testcase name="modificarConsecutivo" time="17.550" classname="com.SAMFormulariosWeb.AAI.test.AdmConsecutivosOfc_Test"/>
  <testcase name="eliminarConsecutivo" time="15.940" classname="com.SAMFormulariosWeb.AAI.test.AdmConsecutivosOfc_Test"/>
</testsuite> <!-- com.SAMFormulariosWeb.AAI.test.AdmConsecutivosOfc_Test -->
